\BOOKMARK [0][-]{chapter*.2}{Overview}{}% 1
\BOOKMARK [1][-]{section*.3}{Your\040Project\040includes\040Two\040Studies}{chapter*.2}% 2
\BOOKMARK [1][-]{section*.4}{You\040have\040Nine\040Tasks\040to\040Complete\040this\040Semester}{chapter*.2}% 3
\BOOKMARK [1][-]{section*.5}{Working\040with\040This\040Document}{chapter*.2}% 4
\BOOKMARK [1][-]{section*.6}{Need\040Help?}{chapter*.2}% 5
\BOOKMARK [0][-]{chapter.1}{Project\040Objectives}{}% 6
\BOOKMARK [1][-]{section.1.1}{Study\0401\040is\040about\040making\040comparisons\040and\040visualizing\040groups\040of\040data.}{chapter.1}% 7
\BOOKMARK [1][-]{section.1.2}{Study\0402\040is\040about\040building\040a\040model,\040and\040making\040predictions.}{chapter.1}% 8
\BOOKMARK [1][-]{section.1.3}{Why\040Two\040Studies?}{chapter.1}% 9
\BOOKMARK [1][-]{section.1.4}{Educational\040Objectives}{chapter.1}% 10
\BOOKMARK [0][-]{chapter.2}{Task\040A\040\(The\040Proposal\)\040Instructions}{}% 11
\BOOKMARK [1][-]{section.2.1}{Deadline\040and\040Submission\040information}{chapter.2}% 12
\BOOKMARK [1][-]{section.2.2}{Study\0401\040work\040for\040Task\040A}{chapter.2}% 13
\BOOKMARK [0][-]{chapter.3}{I\040AM\040HERE!}{}% 14
\BOOKMARK [1][-]{section.3.1}{Study\0402\040Work\040for\040Task\040A}{chapter.3}% 15
\BOOKMARK [1][-]{section.3.2}{Evaluating\040Task\040A}{chapter.3}% 16
\BOOKMARK [0][-]{chapter.4}{Task\040B\040\(Presentation\040Sign-Up\)\040Instructions}{}% 17
\BOOKMARK [1][-]{section.4.1}{Deadline\040and\040Submission\040information}{chapter.4}% 18
\BOOKMARK [0][-]{chapter.5}{Task\040C\040\(Survey\040Editing\)\040Instructions}{}% 19
\BOOKMARK [1][-]{section.5.1}{Deadline\040and\040Submission\040information}{chapter.5}% 20
\BOOKMARK [0][-]{chapter.6}{Task\040D\040\(Survey\040Comparison\040Plan\)\040Instructions}{}% 21
\BOOKMARK [1][-]{section.6.1}{Deadline\040and\040Submission\040information}{chapter.6}% 22
\BOOKMARK [0][-]{chapter.7}{Task\040E\040\(Taking\040the\040Survey\)\040Instructions}{}% 23
\BOOKMARK [1][-]{section.7.1}{Deadline\040and\040Submission\040information}{chapter.7}% 24
\BOOKMARK [1][-]{section.7.2}{Receiving\040Your\040Study\0401\040Data\040\(November\04018\)}{chapter.7}% 25
\BOOKMARK [0][-]{chapter.8}{Task\040F\040\(Sharing\040Study\0402\040Data\)\040Instructions}{}% 26
\BOOKMARK [1][-]{section.8.1}{Deadline\040and\040Submission\040information}{chapter.8}% 27
\BOOKMARK [1][-]{section.8.2}{The\040Raw\040Data\040Set}{chapter.8}% 28
\BOOKMARK [1][-]{section.8.3}{The\040Tidy\040Data\040Set}{chapter.8}% 29
\BOOKMARK [1][-]{section.8.4}{The\040Codebook}{chapter.8}% 30
\BOOKMARK [1][-]{section.8.5}{The\040Study\040Design}{chapter.8}% 31
\BOOKMARK [0][-]{chapter.9}{Task\040G\040\(The\040Project\040Update\)\040Instructions}{}% 32
\BOOKMARK [1][-]{section.9.1}{Deadline\040and\040Submission\040information}{chapter.9}% 33
\BOOKMARK [0][-]{chapter.10}{Task\040H\040\(The\040Portfolio\)\040Instructions}{}% 34
\BOOKMARK [1][-]{section.10.1}{Logistics}{chapter.10}% 35
\BOOKMARK [1][-]{section.10.2}{Materials\040for\040Task\040E}{chapter.10}% 36
\BOOKMARK [1][-]{section.10.3}{The\040Six\040Required\040Analyses\040for\040Study\0401\040\(The\040Survey\)}{chapter.10}% 37
\BOOKMARK [1][-]{section.10.4}{The\040Eight\040Required\040Analyses\040for\040Study\0402\040\(Your\040Data\)}{chapter.10}% 38
\BOOKMARK [0][-]{chapter.11}{Task\040I\040\(Your\040Presentation\)\040Instructions}{}% 39
\BOOKMARK [1][-]{section.11.1}{Study\0401\040Presentation\040\(about\0405\040minutes,\040total\)}{chapter.11}% 40
\BOOKMARK [1][-]{section.11.2}{Study\0402\040Presentation\040\(about\04010\040minutes,\040total\)}{chapter.11}% 41
